2025-07-16 20:53:38,880 INFO [apiautotest] [conftest.py (aalogger_init:32)] - 日志初始化成功
2025-07-16 20:53:40,721 INFO [apiautotest] [driver.py (__init__:57)] - chrome 启动成功
2025-07-16 20:53:41,253 INFO [apiautotest] [driver.py (get:61)] - https://www.qunar.com/ 打开成功
2025-07-16 20:53:41,376 INFO [apiautotest] [driver.py (click:133)] - 点击元素【切换到登录界面】,通过【xpath】,值是【//div[contains(text(), '关于去哪儿')]】,点击成功
2025-07-16 20:53:41,388 INFO [apiautotest] [driver.py (switch_to_window:158)] - 切换到第2个新窗口成功
2025-07-16 20:53:43,656 INFO [apiautotest] [driver.py (click:133)] - 点击元素【点击登录按钮】,通过【xpath】,值是【//a[text()='登录']】,点击成功
2025-07-16 20:53:43,720 INFO [apiautotest] [driver.py (click:133)] - 点击元素【点击密码登录】,通过【xpath】,值是【//div[text()='密码登录']】,点击成功
2025-07-16 20:53:43,729 INFO [apiautotest] [driver.py (find_element:100)] - 定位元素【输入账号】,通过【xpath】,值是【//input[@placeholder='手机/邮箱/用户名']】,定位成功
2025-07-16 20:53:43,755 INFO [apiautotest] [driver.py (send_keys:147)] - 清除元素【输入账号】内容成功
2025-07-16 20:53:43,824 INFO [apiautotest] [driver.py (send_keys:149)] - 向元素【输入账号】,通过【xpath】,值是【//input[@placeholder='手机/邮箱/用户名']】,输入【19822518300】成功
2025-07-16 20:53:43,833 INFO [apiautotest] [driver.py (find_element:100)] - 定位元素【输入密码】,通过【xpath】,值是【//input[@placeholder='密码']】,定位成功
2025-07-16 20:53:43,852 INFO [apiautotest] [driver.py (send_keys:147)] - 清除元素【输入密码】内容成功
2025-07-16 20:53:43,903 INFO [apiautotest] [driver.py (send_keys:149)] - 向元素【输入密码】,通过【xpath】,值是【//input[@placeholder='密码']】,输入【a1311972267】成功
2025-07-16 20:53:43,952 INFO [apiautotest] [driver.py (click:133)] - 点击元素【点击协议】,通过【xpath】,值是【//input[@id='agreement']】,点击成功
2025-07-16 20:53:44,005 INFO [apiautotest] [driver.py (click:133)] - 点击元素【执行登录】,通过【xpath】,值是【//div[@class='button' and @role='button']/span[text()='登录']】,点击成功
2025-07-16 20:53:44,015 INFO [apiautotest] [driver.py (find_element:100)] - 定位元素【滑块起始位置】,通过【css selector】,值是【.OQphwVk_QrhLuedI5-Jme】,定位成功
2025-07-16 20:53:44,024 INFO [apiautotest] [driver.py (find_element:100)] - 定位元素【滑块结束位置】,通过【css selector】,值是【.NrgjHeg7YBdiFd3U9T_j_】,定位成功
2025-07-16 20:53:48,272 INFO [apiautotest] [driver.py (click:133)] - 点击元素【点击购买火车票】,通过【xpath】,值是【//b[text()='火车票']】,点击成功
2025-07-16 20:53:48,292 INFO [apiautotest] [driver.py (find_element:100)] - 定位元素【选择出发站】,通过【xpath】,值是【//input[@name='fromStation']】,定位成功
2025-07-16 20:53:48,311 INFO [apiautotest] [driver.py (send_keys:147)] - 清除元素【选择出发站】内容成功
2025-07-16 20:53:48,351 INFO [apiautotest] [driver.py (send_keys:149)] - 向元素【选择出发站】,通过【xpath】,值是【//input[@name='fromStation']】,输入【北京】成功
2025-07-16 20:53:48,362 INFO [apiautotest] [driver.py (find_element:100)] - 定位元素【选择到达站】,通过【xpath】,值是【//input[@name='toStation']】,定位成功
2025-07-16 20:53:48,379 INFO [apiautotest] [driver.py (send_keys:147)] - 清除元素【选择到达站】内容成功
2025-07-16 20:53:48,422 INFO [apiautotest] [driver.py (send_keys:149)] - 向元素【选择到达站】,通过【xpath】,值是【//input[@name='toStation']】,输入【上海】成功
2025-07-16 20:53:48,434 INFO [apiautotest] [driver.py (find_element:100)] - 定位元素【查找日期】,通过【xpath】,值是【//input[@name='date']】,定位成功
2025-07-16 20:53:59,420 INFO [apiautotest] [driver.py (click:133)] - 点击元素【选择搜索】,通过【xpath】,值是【//button[@name='stsSearch']】,点击成功
2025-07-16 20:54:06,694 ERROR [apiautotest] [driver.py (click:135)] - 点击元素【点击购买】,通过【xpath】,值是【//span[text()='购  买']】,点击失败
Traceback (most recent call last):
  File "C:\Users\Administrator\Desktop\项目\Automated_Web_Testing_Demo-main\Automated_Web_Testing_Demo-main\common\driver.py", line 132, in click
    wait.until(click_success(locator))
  File "E:\annaconda\envs\webserver\Lib\site-packages\selenium\webdriver\support\wait.py", line 105, in until
    raise TimeoutException(message, screen, stacktrace)
selenium.common.exceptions.TimeoutException: Message: 

2025-07-16 20:54:11,901 ERROR [apiautotest] [driver.py (click:135)] - 点击元素【点击购买火车票】,通过【xpath】,值是【//b[text()='火车票']】,点击失败
Traceback (most recent call last):
  File "C:\Users\Administrator\Desktop\项目\Automated_Web_Testing_Demo-main\Automated_Web_Testing_Demo-main\common\driver.py", line 132, in click
    wait.until(click_success(locator))
  File "E:\annaconda\envs\webserver\Lib\site-packages\selenium\webdriver\support\wait.py", line 105, in until
    raise TimeoutException(message, screen, stacktrace)
selenium.common.exceptions.TimeoutException: Message: 

2025-07-16 20:54:16,959 ERROR [apiautotest] [driver.py (click:135)] - 点击元素【点击购买火车票】,通过【xpath】,值是【//b[text()='火车票']】,点击失败
Traceback (most recent call last):
  File "C:\Users\Administrator\Desktop\项目\Automated_Web_Testing_Demo-main\Automated_Web_Testing_Demo-main\common\driver.py", line 132, in click
    wait.until(click_success(locator))
  File "E:\annaconda\envs\webserver\Lib\site-packages\selenium\webdriver\support\wait.py", line 105, in until
    raise TimeoutException(message, screen, stacktrace)
selenium.common.exceptions.TimeoutException: Message: 

2025-07-16 20:54:46,030 INFO [apiautotest] [conftest.py (aalogger_init:32)] - 日志初始化成功
2025-07-16 20:54:47,991 INFO [apiautotest] [driver.py (__init__:57)] - chrome 启动成功
2025-07-16 20:54:48,483 INFO [apiautotest] [driver.py (get:61)] - https://www.qunar.com/ 打开成功
2025-07-16 20:54:48,592 INFO [apiautotest] [driver.py (click:133)] - 点击元素【切换到登录界面】,通过【xpath】,值是【//div[contains(text(), '关于去哪儿')]】,点击成功
2025-07-16 20:54:48,604 INFO [apiautotest] [driver.py (switch_to_window:158)] - 切换到第2个新窗口成功
2025-07-16 20:54:50,875 INFO [apiautotest] [driver.py (click:133)] - 点击元素【点击登录按钮】,通过【xpath】,值是【//a[text()='登录']】,点击成功
2025-07-16 20:54:50,940 INFO [apiautotest] [driver.py (click:133)] - 点击元素【点击密码登录】,通过【xpath】,值是【//div[text()='密码登录']】,点击成功
2025-07-16 20:54:50,950 INFO [apiautotest] [driver.py (find_element:100)] - 定位元素【输入账号】,通过【xpath】,值是【//input[@placeholder='手机/邮箱/用户名']】,定位成功
2025-07-16 20:54:50,973 INFO [apiautotest] [driver.py (send_keys:147)] - 清除元素【输入账号】内容成功
2025-07-16 20:54:51,041 INFO [apiautotest] [driver.py (send_keys:149)] - 向元素【输入账号】,通过【xpath】,值是【//input[@placeholder='手机/邮箱/用户名']】,输入【19822518300】成功
2025-07-16 20:54:51,051 INFO [apiautotest] [driver.py (find_element:100)] - 定位元素【输入密码】,通过【xpath】,值是【//input[@placeholder='密码']】,定位成功
2025-07-16 20:54:51,072 INFO [apiautotest] [driver.py (send_keys:147)] - 清除元素【输入密码】内容成功
2025-07-16 20:54:51,124 INFO [apiautotest] [driver.py (send_keys:149)] - 向元素【输入密码】,通过【xpath】,值是【//input[@placeholder='密码']】,输入【a1311972267】成功
2025-07-16 20:54:51,170 INFO [apiautotest] [driver.py (click:133)] - 点击元素【点击协议】,通过【xpath】,值是【//input[@id='agreement']】,点击成功
2025-07-16 20:54:51,219 INFO [apiautotest] [driver.py (click:133)] - 点击元素【执行登录】,通过【xpath】,值是【//div[@class='button' and @role='button']/span[text()='登录']】,点击成功
2025-07-16 20:54:51,229 INFO [apiautotest] [driver.py (find_element:100)] - 定位元素【滑块起始位置】,通过【css selector】,值是【.OQphwVk_QrhLuedI5-Jme】,定位成功
2025-07-16 20:54:51,238 INFO [apiautotest] [driver.py (find_element:100)] - 定位元素【滑块结束位置】,通过【css selector】,值是【.NrgjHeg7YBdiFd3U9T_j_】,定位成功
2025-07-16 20:54:55,835 INFO [apiautotest] [driver.py (click:133)] - 点击元素【点击购买火车票】,通过【xpath】,值是【//b[text()='火车票']】,点击成功
2025-07-16 20:54:55,859 INFO [apiautotest] [driver.py (find_element:100)] - 定位元素【选择出发站】,通过【xpath】,值是【//input[@name='fromStation']】,定位成功
2025-07-16 20:54:55,895 INFO [apiautotest] [driver.py (send_keys:147)] - 清除元素【选择出发站】内容成功
2025-07-16 20:54:55,979 INFO [apiautotest] [driver.py (send_keys:149)] - 向元素【选择出发站】,通过【xpath】,值是【//input[@name='fromStation']】,输入【北京】成功
2025-07-16 20:54:55,988 INFO [apiautotest] [driver.py (find_element:100)] - 定位元素【选择到达站】,通过【xpath】,值是【//input[@name='toStation']】,定位成功
2025-07-16 20:54:56,006 INFO [apiautotest] [driver.py (send_keys:147)] - 清除元素【选择到达站】内容成功
2025-07-16 20:54:56,050 INFO [apiautotest] [driver.py (send_keys:149)] - 向元素【选择到达站】,通过【xpath】,值是【//input[@name='toStation']】,输入【上海】成功
2025-07-16 20:54:56,062 INFO [apiautotest] [driver.py (find_element:100)] - 定位元素【查找日期】,通过【xpath】,值是【//input[@name='date']】,定位成功
2025-07-16 20:55:07,329 INFO [apiautotest] [driver.py (click:133)] - 点击元素【选择搜索】,通过【xpath】,值是【//button[@name='stsSearch']】,点击成功
2025-07-16 20:55:07,829 INFO [apiautotest] [driver.py (click:133)] - 点击元素【点击购买】,通过【xpath】,值是【//span[text()='购  买']】,点击成功
2025-07-16 20:55:09,515 INFO [apiautotest] [driver.py (find_element:100)] - 定位元素【输入购票人姓名】,通过【xpath】,值是【//input[@class='inp_txt']】,定位成功
2025-07-16 20:55:09,575 INFO [apiautotest] [driver.py (send_keys:147)] - 清除元素【输入购票人姓名】内容成功
2025-07-16 20:55:09,686 INFO [apiautotest] [driver.py (send_keys:149)] - 向元素【输入购票人姓名】,通过【xpath】,值是【//input[@class='inp_txt']】,输入【孙海森】成功
2025-07-16 20:55:09,697 INFO [apiautotest] [driver.py (find_element:100)] - 定位元素【输入购票人身份证信息】,通过【xpath】,值是【//input[@name='pCertNo_0']】,定位成功
2025-07-16 20:55:09,714 INFO [apiautotest] [driver.py (send_keys:147)] - 清除元素【输入购票人身份证信息】内容成功
2025-07-16 20:55:09,773 INFO [apiautotest] [driver.py (send_keys:149)] - 向元素【输入购票人身份证信息】,通过【xpath】,值是【//input[@name='pCertNo_0']】,输入【142725199908224856】成功
2025-07-16 20:55:09,782 INFO [apiautotest] [driver.py (find_element:100)] - 定位元素【输入取票人姓名】,通过【xpath】,值是【//input[@type='text' and @name='contact_name']】,定位成功
2025-07-16 20:55:09,799 INFO [apiautotest] [driver.py (send_keys:147)] - 清除元素【输入取票人姓名】内容成功
2025-07-16 20:55:09,835 INFO [apiautotest] [driver.py (send_keys:149)] - 向元素【输入取票人姓名】,通过【xpath】,值是【//input[@type='text' and @name='contact_name']】,输入【孙海森】成功
2025-07-16 20:55:09,845 INFO [apiautotest] [driver.py (find_element:100)] - 定位元素【输入取票人电话】,通过【xpath】,值是【//input[@type='text' and @name='contact_phone']】,定位成功
2025-07-16 20:55:09,860 INFO [apiautotest] [driver.py (send_keys:147)] - 清除元素【输入取票人电话】内容成功
2025-07-16 20:55:09,907 INFO [apiautotest] [driver.py (send_keys:149)] - 向元素【输入取票人电话】,通过【xpath】,值是【//input[@type='text' and @name='contact_phone']】,输入【15135976034】成功
2025-07-16 20:55:09,956 INFO [apiautotest] [driver.py (click:133)] - 点击元素【点击提交订单】,通过【xpath】,值是【/html/body/form/div[2]/div[2]/div[4]/div[2]/div[3]/button】,点击成功
2025-07-16 20:55:10,817 INFO [apiautotest] [driver.py (find_element:100)] - 定位元素【退出成功】,通过【xpath】,值是【//b[text()='火车票']】,定位成功
2025-07-16 20:55:12,155 INFO [apiautotest] [driver.py (click:133)] - 点击元素【点击购买火车票】,通过【xpath】,值是【//b[text()='火车票']】,点击成功
2025-07-16 20:55:12,452 INFO [apiautotest] [driver.py (find_element:100)] - 定位元素【选择出发站】,通过【xpath】,值是【//input[@name='fromStation']】,定位成功
2025-07-16 20:55:12,479 INFO [apiautotest] [driver.py (send_keys:147)] - 清除元素【选择出发站】内容成功
2025-07-16 20:55:12,518 INFO [apiautotest] [driver.py (send_keys:149)] - 向元素【选择出发站】,通过【xpath】,值是【//input[@name='fromStation']】,输入【北京】成功
2025-07-16 20:55:12,524 INFO [apiautotest] [driver.py (find_element:100)] - 定位元素【选择到达站】,通过【xpath】,值是【//input[@name='toStation']】,定位成功
2025-07-16 20:55:12,547 INFO [apiautotest] [driver.py (send_keys:147)] - 清除元素【选择到达站】内容成功
2025-07-16 20:55:12,586 INFO [apiautotest] [driver.py (send_keys:149)] - 向元素【选择到达站】,通过【xpath】,值是【//input[@name='toStation']】,输入【山西】成功
2025-07-16 20:55:12,593 INFO [apiautotest] [driver.py (find_element:100)] - 定位元素【查找日期】,通过【xpath】,值是【//input[@name='date']】,定位成功
2025-07-16 20:55:23,483 INFO [apiautotest] [driver.py (click:133)] - 点击元素【选择搜索】,通过【xpath】,值是【//button[@name='stsSearch']】,点击成功
2025-07-16 20:55:24,211 INFO [apiautotest] [driver.py (click:133)] - 点击元素【点击购买】,通过【xpath】,值是【//span[text()='购  买']】,点击成功
2025-07-16 20:55:25,559 INFO [apiautotest] [driver.py (find_element:100)] - 定位元素【输入购票人姓名】,通过【xpath】,值是【//input[@class='inp_txt']】,定位成功
2025-07-16 20:55:25,621 INFO [apiautotest] [driver.py (send_keys:147)] - 清除元素【输入购票人姓名】内容成功
2025-07-16 20:55:25,741 INFO [apiautotest] [driver.py (send_keys:149)] - 向元素【输入购票人姓名】,通过【xpath】,值是【//input[@class='inp_txt']】,输入【赵三】成功
2025-07-16 20:55:25,748 INFO [apiautotest] [driver.py (find_element:100)] - 定位元素【输入购票人身份证信息】,通过【xpath】,值是【//input[@name='pCertNo_0']】,定位成功
2025-07-16 20:55:25,774 INFO [apiautotest] [driver.py (send_keys:147)] - 清除元素【输入购票人身份证信息】内容成功
2025-07-16 20:55:25,849 INFO [apiautotest] [driver.py (send_keys:149)] - 向元素【输入购票人身份证信息】,通过【xpath】,值是【//input[@name='pCertNo_0']】,输入【142725199908214856】成功
2025-07-16 20:55:25,854 INFO [apiautotest] [driver.py (find_element:100)] - 定位元素【输入取票人姓名】,通过【xpath】,值是【//input[@type='text' and @name='contact_name']】,定位成功
2025-07-16 20:55:25,869 INFO [apiautotest] [driver.py (send_keys:147)] - 清除元素【输入取票人姓名】内容成功
2025-07-16 20:55:25,903 INFO [apiautotest] [driver.py (send_keys:149)] - 向元素【输入取票人姓名】,通过【xpath】,值是【//input[@type='text' and @name='contact_name']】,输入【赵三】成功
2025-07-16 20:55:25,910 INFO [apiautotest] [driver.py (find_element:100)] - 定位元素【输入取票人电话】,通过【xpath】,值是【//input[@type='text' and @name='contact_phone']】,定位成功
2025-07-16 20:55:25,926 INFO [apiautotest] [driver.py (send_keys:147)] - 清除元素【输入取票人电话】内容成功
2025-07-16 20:55:25,972 INFO [apiautotest] [driver.py (send_keys:149)] - 向元素【输入取票人电话】,通过【xpath】,值是【//input[@type='text' and @name='contact_phone']】,输入【13453371985】成功
2025-07-16 20:55:26,017 INFO [apiautotest] [driver.py (click:133)] - 点击元素【点击提交订单】,通过【xpath】,值是【/html/body/form/div[2]/div[2]/div[4]/div[2]/div[3]/button】,点击成功
2025-07-16 20:55:26,027 INFO [apiautotest] [driver.py (find_element:100)] - 定位元素【获取异常提示信息】,通过【xpath】,值是【//div[@class='retitle']】,定位成功
2025-07-16 20:55:26,037 INFO [apiautotest] [driver.py (get_text:221)] - 获取元素【获取异常提示信息】的文字是:请正确填写所有内容
2025-07-16 20:55:26,084 INFO [apiautotest] [driver.py (click:133)] - 点击元素【点击错误提示信息的确认框】,通过【xpath】,值是【//b[text()='确定']】,点击成功
2025-07-16 20:55:27,871 INFO [apiautotest] [driver.py (click:133)] - 点击元素【点击购买火车票】,通过【xpath】,值是【//b[text()='火车票']】,点击成功
2025-07-16 20:55:28,225 INFO [apiautotest] [driver.py (find_element:100)] - 定位元素【选择出发站】,通过【xpath】,值是【//input[@name='fromStation']】,定位成功
2025-07-16 20:55:28,246 INFO [apiautotest] [driver.py (send_keys:147)] - 清除元素【选择出发站】内容成功
2025-07-16 20:55:28,284 INFO [apiautotest] [driver.py (send_keys:149)] - 向元素【选择出发站】,通过【xpath】,值是【//input[@name='fromStation']】,输入【重庆】成功
2025-07-16 20:55:28,290 INFO [apiautotest] [driver.py (find_element:100)] - 定位元素【选择到达站】,通过【xpath】,值是【//input[@name='toStation']】,定位成功
2025-07-16 20:55:28,315 INFO [apiautotest] [driver.py (send_keys:147)] - 清除元素【选择到达站】内容成功
2025-07-16 20:55:28,352 INFO [apiautotest] [driver.py (send_keys:149)] - 向元素【选择到达站】,通过【xpath】,值是【//input[@name='toStation']】,输入【深圳】成功
2025-07-16 20:55:28,359 INFO [apiautotest] [driver.py (find_element:100)] - 定位元素【查找日期】,通过【xpath】,值是【//input[@name='date']】,定位成功
2025-07-16 20:55:39,155 INFO [apiautotest] [driver.py (click:133)] - 点击元素【选择搜索】,通过【xpath】,值是【//button[@name='stsSearch']】,点击成功
2025-07-16 20:55:39,803 INFO [apiautotest] [driver.py (click:133)] - 点击元素【点击购买】,通过【xpath】,值是【//span[text()='购  买']】,点击成功
2025-07-16 20:55:41,453 INFO [apiautotest] [driver.py (find_element:100)] - 定位元素【输入购票人姓名】,通过【xpath】,值是【//input[@class='inp_txt']】,定位成功
2025-07-16 20:55:41,537 INFO [apiautotest] [driver.py (send_keys:147)] - 清除元素【输入购票人姓名】内容成功
2025-07-16 20:55:41,688 INFO [apiautotest] [driver.py (send_keys:149)] - 向元素【输入购票人姓名】,通过【xpath】,值是【//input[@class='inp_txt']】,输入【李四】成功
2025-07-16 20:55:41,698 INFO [apiautotest] [driver.py (find_element:100)] - 定位元素【输入购票人身份证信息】,通过【xpath】,值是【//input[@name='pCertNo_0']】,定位成功
2025-07-16 20:55:41,717 INFO [apiautotest] [driver.py (send_keys:147)] - 清除元素【输入购票人身份证信息】内容成功
2025-07-16 20:55:41,774 INFO [apiautotest] [driver.py (send_keys:149)] - 向元素【输入购票人身份证信息】,通过【xpath】,值是【//input[@name='pCertNo_0']】,输入【142725199908214898】成功
2025-07-16 20:55:41,779 INFO [apiautotest] [driver.py (find_element:100)] - 定位元素【输入取票人姓名】,通过【xpath】,值是【//input[@type='text' and @name='contact_name']】,定位成功
2025-07-16 20:55:41,793 INFO [apiautotest] [driver.py (send_keys:147)] - 清除元素【输入取票人姓名】内容成功
2025-07-16 20:55:41,827 INFO [apiautotest] [driver.py (send_keys:149)] - 向元素【输入取票人姓名】,通过【xpath】,值是【//input[@type='text' and @name='contact_name']】,输入【李四】成功
2025-07-16 20:55:41,833 INFO [apiautotest] [driver.py (find_element:100)] - 定位元素【输入取票人电话】,通过【xpath】,值是【//input[@type='text' and @name='contact_phone']】,定位成功
2025-07-16 20:55:41,848 INFO [apiautotest] [driver.py (send_keys:147)] - 清除元素【输入取票人电话】内容成功
2025-07-16 20:55:41,915 INFO [apiautotest] [driver.py (send_keys:149)] - 向元素【输入取票人电话】,通过【xpath】,值是【//input[@type='text' and @name='contact_phone']】,输入【13453371973】成功
2025-07-16 20:55:41,956 INFO [apiautotest] [driver.py (click:133)] - 点击元素【点击提交订单】,通过【xpath】,值是【/html/body/form/div[2]/div[2]/div[4]/div[2]/div[3]/button】,点击成功
2025-07-16 20:55:41,962 INFO [apiautotest] [driver.py (find_element:100)] - 定位元素【获取异常提示信息】,通过【xpath】,值是【//div[@class='retitle']】,定位成功
2025-07-16 20:55:41,967 INFO [apiautotest] [driver.py (get_text:221)] - 获取元素【获取异常提示信息】的文字是:请正确填写所有内容
2025-07-16 20:55:42,001 INFO [apiautotest] [driver.py (click:133)] - 点击元素【点击错误提示信息的确认框】,通过【xpath】,值是【//b[text()='确定']】,点击成功
